0 info it worked if it ends with ok
1 verbose cli [ 'C:\\Program Files\\nodejs\\node.exe',
1 verbose cli   'C:\\Users\\Parthchokshi\\AppData\\Roaming\\npm\\node_modules\\npm\\bin\\npm-cli.js',
1 verbose cli   'start' ]
2 info using npm@4.0.2
3 info using node@v5.6.0
4 verbose run-script [ 'prestart', 'start', 'poststart' ]
5 info lifecycle Angular2-SoundCloud-Comment-System@1.0.0~prestart: Angular2-SoundCloud-Comment-System@1.0.0
6 silly lifecycle Angular2-SoundCloud-Comment-System@1.0.0~prestart: no script for prestart, continuing
7 info lifecycle Angular2-SoundCloud-Comment-System@1.0.0~start: Angular2-SoundCloud-Comment-System@1.0.0
8 verbose lifecycle Angular2-SoundCloud-Comment-System@1.0.0~start: unsafe-perm in lifecycle true
9 verbose lifecycle Angular2-SoundCloud-Comment-System@1.0.0~start: PATH: C:\Users\Parthchokshi\AppData\Roaming\npm\node_modules\npm\bin\node-gyp-bin;D:\Angular2-SoundCloud\node_modules\.bin;C:\ProgramData\Oracle\Java\javapath;C:\WINDOWS\system32;C:\WINDOWS;C:\WINDOWS\System32\Wbem;C:\WINDOWS\System32\WindowsPowerShell\v1.0\;C:\Program Files\nodejs\;C:\Program Files\Git\cmd;C:\wamp\bin\php\php5.6.19;C:\ProgramData\ComposerSetup\bin;C:\HashiCorp\Vagrant\bin;C:\ProgramData\Oracle\Java\javapath;C:\WINDOWS\system32;C:\WINDOWS;C:\WINDOWS\System32\Wbem;C:\WINDOWS\System32\WindowsPowerShell\v1.0\;C:\Program Files\nodejs\;C:\Program Files\Git\cmd;C:\wamp\bin\php\php5.6.19;C:\ProgramData\ComposerSetup\bin;C:\HashiCorp\Vagrant\bin;C:\Ruby22-x64\bin;C:\Python27;C:\Users\Parthchokshi\AppData\Local\Programs\Python\Python35-32\;C:\Users\Parthchokshi\AppData\Roaming\npm;C:\Users\Parthchokshi\AppData\Roaming\Composer\vendor\bin;C:\Program Files\Java\jdk1.8.0_92\bin;C:\Users\Parthchokshi\AppData\Local\.meteor\;C:\Program Files (x86)\JetBrains\WebStorm 2016.2\plugins\Meteor;C:\Users\Parthchokshi\AppData\Local\Microsoft\WindowsApps;C:\Users\Parthchokshi\AppData\Local\Android\Sdk\platform-tools;C:\Program Files (x86)\Microsoft VS Code\bin
10 verbose lifecycle Angular2-SoundCloud-Comment-System@1.0.0~start: CWD: D:\Angular2-SoundCloud
11 silly lifecycle Angular2-SoundCloud-Comment-System@1.0.0~start: Args: [ '/d /s /c', 'tsc && concurrently "tsc -w" "lite-server" ' ]
12 verbose stack Error: kill ENOSYS
12 verbose stack     at exports._errnoException (util.js:856:11)
12 verbose stack     at process.kill (node.js:810:15)
12 verbose stack     at process.listener (C:\Users\Parthchokshi\AppData\Roaming\npm\node_modules\npm\node_modules\npmlog\node_modules\gauge\node_modules\signal-exit\index.js:86:15)
12 verbose stack     at emitNone (events.js:85:20)
12 verbose stack     at process.emit (events.js:179:7)
12 verbose stack     at processEmit (C:\Users\Parthchokshi\AppData\Roaming\npm\node_modules\npm\node_modules\npmlog\node_modules\gauge\node_modules\signal-exit\index.js:146:32)
12 verbose stack     at processEmit (C:\Users\Parthchokshi\AppData\Roaming\npm\node_modules\npm\node_modules\npm-registry-client\node_modules\npmlog\node_modules\gauge\node_modules\signal-exit\index.js:146:32)
12 verbose stack     at Signal.wrap.onsignal (node.js:837:46)
13 verbose cwd D:\Angular2-SoundCloud
14 error Windows_NT 10.0.14393
15 error argv "C:\\Program Files\\nodejs\\node.exe" "C:\\Users\\Parthchokshi\\AppData\\Roaming\\npm\\node_modules\\npm\\bin\\npm-cli.js" "start"
16 error node v5.6.0
17 error npm  v4.0.2
18 error code ENOSYS
19 error errno ENOSYS
20 error syscall kill
21 error kill ENOSYS
22 error If you need help, you may report this error at:
22 error     <https://github.com/npm/npm/issues>
23 verbose exit [ 1, true ]
